build/app/intermediates/manifest_merge_blame_file/release/manifest-merger-blame-release-report.txt
1<?xml version="1.0" encoding="utf-8"?>
2<manifest xmlns:android="http://schemas.android.com/apk/res/android"
3    package="com.example.animation_tutorial"
4    android:versionCode="4001"
5    android:versionName="1.0.0" >
6
7    <uses-sdk
8        android:minSdkVersion="16"
8-->src\main\AndroidManifest.xml
9        android:targetSdkVersion="28" />
9-->src\main\AndroidManifest.xml
10    <!-- Required permission for App measurement to run. -->
11    <uses-permission android:name="android.permission.INTERNET" />
11-->[com.google.android.gms:play-services-measurement:17.5.0] AndroidManifest.xml:23:5-67
11-->[com.google.android.gms:play-services-measurement:17.5.0] AndroidManifest.xml:23:22-64
12    <uses-permission android:name="android.permission.ACCESS_NETWORK_STATE" />
12-->[com.google.android.gms:play-services-measurement:17.5.0] AndroidManifest.xml:24:5-79
12-->[com.google.android.gms:play-services-measurement:17.5.0] AndroidManifest.xml:24:22-76
13    <uses-permission android:name="android.permission.WAKE_LOCK" />
13-->[com.google.android.gms:play-services-measurement:17.5.0] AndroidManifest.xml:25:5-68
13-->[com.google.android.gms:play-services-measurement:17.5.0] AndroidManifest.xml:25:22-65
14    <uses-permission android:name="com.google.android.finsky.permission.BIND_GET_INSTALL_REFERRER_SERVICE" />
14-->[com.google.android.gms:play-services-measurement:17.5.0] AndroidManifest.xml:26:5-110
14-->[com.google.android.gms:play-services-measurement:17.5.0] AndroidManifest.xml:26:22-107
15    <!--
16 io.flutter.app.FlutterApplication is an android.app.Application that
17         calls FlutterMain.startInitialization(this); in its onCreate method.
18         In most cases you can leave this as-is, but you if you want to provide
19         additional functionality it is fine to subclass or reimplement
20         FlutterApplication and put your custom class here.
21    -->
22    <application
22-->src\main\AndroidManifest.xml:8:5-46:19
23        android:name="io.flutter.app.FlutterApplication"
23-->src\main\AndroidManifest.xml:9:9-57
24        android:appComponentFactory="androidx.core.app.CoreComponentFactory"
24-->[androidx.core:core:1.1.0] AndroidManifest.xml:24:18-86
25        android:icon="@mipmap/ic_launcher"
25-->src\main\AndroidManifest.xml:11:9-43
26        android:label="animation_tutorial" >
26-->src\main\AndroidManifest.xml:10:9-43
27        <activity
27-->src\main\AndroidManifest.xml:12:9-40:20
28            android:name="com.example.animation_tutorial.MainActivity"
28-->src\main\AndroidManifest.xml:13:13-41
29            android:configChanges="orientation|keyboardHidden|keyboard|screenSize|smallestScreenSize|locale|layoutDirection|fontScale|screenLayout|density|uiMode"
29-->src\main\AndroidManifest.xml:16:13-163
30            android:hardwareAccelerated="true"
30-->src\main\AndroidManifest.xml:17:13-47
31            android:launchMode="singleTop"
31-->src\main\AndroidManifest.xml:14:13-43
32            android:theme="@style/LaunchTheme"
32-->src\main\AndroidManifest.xml:15:13-47
33            android:windowSoftInputMode="adjustResize" >
33-->src\main\AndroidManifest.xml:18:13-55
34
35            <!--
36                 Specifies an Android theme to apply to this Activity as soon as
37                 the Android process has started. This theme is visible to the user
38                 while the Flutter UI initializes. After that, this theme continues
39                 to determine the Window background behind the Flutter UI.
40            -->
41            <meta-data
41-->src\main\AndroidManifest.xml:23:13-26:17
42                android:name="io.flutter.embedding.android.NormalTheme"
42-->src\main\AndroidManifest.xml:24:15-70
43                android:resource="@style/NormalTheme" />
43-->src\main\AndroidManifest.xml:25:15-52
44            <!--
45                 Displays an Android View that continues showing the launch screen
46                 Drawable until Flutter paints its first frame, then this splash
47                 screen fades out. A splash screen is useful to avoid any visual
48                 gap between the end of Android's launch screen and the painting of
49                 Flutter's first frame.
50            -->
51            <meta-data
51-->src\main\AndroidManifest.xml:32:13-35:17
52                android:name="io.flutter.embedding.android.SplashScreenDrawable"
52-->src\main\AndroidManifest.xml:33:15-79
53                android:resource="@drawable/launch_background" />
53-->src\main\AndroidManifest.xml:34:15-61
54
55            <intent-filter>
55-->src\main\AndroidManifest.xml:36:13-39:29
56                <action android:name="android.intent.action.MAIN" />
56-->src\main\AndroidManifest.xml:37:17-68
56-->src\main\AndroidManifest.xml:37:25-66
57
58                <category android:name="android.intent.category.LAUNCHER" />
58-->src\main\AndroidManifest.xml:38:17-76
58-->src\main\AndroidManifest.xml:38:27-74
59            </intent-filter>
60        </activity>
61        <!--
62             Don't delete the meta-data below.
63             This is used by the Flutter tool to generate GeneratedPluginRegistrant.java
64        -->
65        <meta-data
65-->src\main\AndroidManifest.xml:43:9-45:33
66            android:name="flutterEmbedding"
66-->src\main\AndroidManifest.xml:44:13-44
67            android:value="2" />
67-->src\main\AndroidManifest.xml:45:13-30
68
69        <service
69-->[:firebase_auth] AndroidManifest.xml:8:9-12:19
70            android:name="com.google.firebase.components.ComponentDiscoveryService"
70-->[:firebase_auth] AndroidManifest.xml:8:18-89
71            android:directBootAware="true"
71-->[com.google.firebase:firebase-common:19.3.0] AndroidManifest.xml:34:13-43
72            android:exported="false" >
72-->[com.google.android.gms:play-services-measurement-api:17.5.0] AndroidManifest.xml:29:13-37
73            <meta-data
73-->[:firebase_auth] AndroidManifest.xml:9:13-11:85
74                android:name="com.google.firebase.components:io.flutter.plugins.firebase.auth.FlutterFirebaseAuthRegistrar"
74-->[:firebase_auth] AndroidManifest.xml:10:17-124
75                android:value="com.google.firebase.components.ComponentRegistrar" />
75-->[:firebase_auth] AndroidManifest.xml:11:17-82
76            <meta-data
76-->[:firebase_core] AndroidManifest.xml:9:13-11:85
77                android:name="com.google.firebase.components:io.flutter.plugins.firebase.core.FlutterFirebaseCoreRegistrar"
77-->[:firebase_core] AndroidManifest.xml:10:17-124
78                android:value="com.google.firebase.components.ComponentRegistrar" />
78-->[:firebase_core] AndroidManifest.xml:11:17-82
79            <meta-data
79-->[com.google.android.gms:play-services-measurement-api:17.5.0] AndroidManifest.xml:30:13-32:85
80                android:name="com.google.firebase.components:com.google.firebase.analytics.connector.internal.AnalyticsConnectorRegistrar"
80-->[com.google.android.gms:play-services-measurement-api:17.5.0] AndroidManifest.xml:31:17-139
81                android:value="com.google.firebase.components.ComponentRegistrar" />
81-->[com.google.android.gms:play-services-measurement-api:17.5.0] AndroidManifest.xml:32:17-82
82            <meta-data
82-->[com.google.firebase:firebase-auth:19.3.1] AndroidManifest.xml:36:13-38:85
83                android:name="com.google.firebase.components:com.google.firebase.auth.FirebaseAuthRegistrar"
83-->[com.google.firebase:firebase-auth:19.3.1] AndroidManifest.xml:37:17-109
84                android:value="com.google.firebase.components.ComponentRegistrar" />
84-->[com.google.firebase:firebase-auth:19.3.1] AndroidManifest.xml:38:17-82
85            <meta-data
85-->[com.google.firebase:firebase-installations:16.3.2] AndroidManifest.xml:17:13-19:85
86                android:name="com.google.firebase.components:com.google.firebase.installations.FirebaseInstallationsRegistrar"
86-->[com.google.firebase:firebase-installations:16.3.2] AndroidManifest.xml:18:17-127
87                android:value="com.google.firebase.components.ComponentRegistrar" />
87-->[com.google.firebase:firebase-installations:16.3.2] AndroidManifest.xml:19:17-82
88        </service>
89
90        <activity
90-->[:url_launcher] AndroidManifest.xml:8:9-11:74
91            android:name="io.flutter.plugins.urllauncher.WebViewActivity"
91-->[:url_launcher] AndroidManifest.xml:9:13-74
92            android:exported="false"
92-->[:url_launcher] AndroidManifest.xml:10:13-37
93            android:theme="@android:style/Theme.NoTitleBar.Fullscreen" />
93-->[:url_launcher] AndroidManifest.xml:11:13-71
94
95        <receiver
95-->[com.google.android.gms:play-services-measurement:17.5.0] AndroidManifest.xml:29:9-33:20
96            android:name="com.google.android.gms.measurement.AppMeasurementReceiver"
96-->[com.google.android.gms:play-services-measurement:17.5.0] AndroidManifest.xml:30:13-85
97            android:enabled="true"
97-->[com.google.android.gms:play-services-measurement:17.5.0] AndroidManifest.xml:31:13-35
98            android:exported="false" >
98-->[com.google.android.gms:play-services-measurement:17.5.0] AndroidManifest.xml:32:13-37
99        </receiver>
100
101        <service
101-->[com.google.android.gms:play-services-measurement:17.5.0] AndroidManifest.xml:35:9-38:40
102            android:name="com.google.android.gms.measurement.AppMeasurementService"
102-->[com.google.android.gms:play-services-measurement:17.5.0] AndroidManifest.xml:36:13-84
103            android:enabled="true"
103-->[com.google.android.gms:play-services-measurement:17.5.0] AndroidManifest.xml:37:13-35
104            android:exported="false" />
104-->[com.google.android.gms:play-services-measurement:17.5.0] AndroidManifest.xml:38:13-37
105        <service
105-->[com.google.android.gms:play-services-measurement:17.5.0] AndroidManifest.xml:39:9-43:72
106            android:name="com.google.android.gms.measurement.AppMeasurementJobService"
106-->[com.google.android.gms:play-services-measurement:17.5.0] AndroidManifest.xml:40:13-87
107            android:enabled="true"
107-->[com.google.android.gms:play-services-measurement:17.5.0] AndroidManifest.xml:41:13-35
108            android:exported="false"
108-->[com.google.android.gms:play-services-measurement:17.5.0] AndroidManifest.xml:42:13-37
109            android:permission="android.permission.BIND_JOB_SERVICE" />
109-->[com.google.android.gms:play-services-measurement:17.5.0] AndroidManifest.xml:43:13-69
110
111        <activity
111-->[com.google.firebase:firebase-auth:19.3.1] AndroidManifest.xml:24:9-31:50
112            android:name="com.google.firebase.auth.internal.FederatedSignInActivity"
112-->[com.google.firebase:firebase-auth:19.3.1] AndroidManifest.xml:25:13-85
113            android:excludeFromRecents="true"
113-->[com.google.firebase:firebase-auth:19.3.1] AndroidManifest.xml:26:13-46
114            android:exported="true"
114-->[com.google.firebase:firebase-auth:19.3.1] AndroidManifest.xml:27:13-36
115            android:launchMode="singleTask"
115-->[com.google.firebase:firebase-auth:19.3.1] AndroidManifest.xml:28:13-44
116            android:permission="com.google.firebase.auth.api.gms.permission.LAUNCH_FEDERATED_SIGN_IN"
116-->[com.google.firebase:firebase-auth:19.3.1] AndroidManifest.xml:29:13-102
117            android:theme="@android:style/Theme.Translucent.NoTitleBar" />
117-->[com.google.firebase:firebase-auth:19.3.1] AndroidManifest.xml:30:13-72
118
119        <provider
119-->[com.google.firebase:firebase-common:19.3.0] AndroidManifest.xml:26:9-30:39
120            android:name="com.google.firebase.provider.FirebaseInitProvider"
120-->[com.google.firebase:firebase-common:19.3.0] AndroidManifest.xml:27:13-77
121            android:authorities="com.example.animation_tutorial.firebaseinitprovider"
121-->[com.google.firebase:firebase-common:19.3.0] AndroidManifest.xml:28:13-72
122            android:exported="false"
122-->[com.google.firebase:firebase-common:19.3.0] AndroidManifest.xml:29:13-37
123            android:initOrder="100" />
123-->[com.google.firebase:firebase-common:19.3.0] AndroidManifest.xml:30:13-36
124
125        <activity
125-->[com.google.android.gms:play-services-base:17.1.0] AndroidManifest.xml:23:9-26:75
126            android:name="com.google.android.gms.common.api.GoogleApiActivity"
126-->[com.google.android.gms:play-services-base:17.1.0] AndroidManifest.xml:24:13-79
127            android:exported="false"
127-->[com.google.android.gms:play-services-base:17.1.0] AndroidManifest.xml:25:13-37
128            android:theme="@android:style/Theme.Translucent.NoTitleBar" />
128-->[com.google.android.gms:play-services-base:17.1.0] AndroidManifest.xml:26:13-72
129
130        <meta-data
130-->[com.google.android.gms:play-services-basement:17.0.0] AndroidManifest.xml:23:9-25:69
131            android:name="com.google.android.gms.version"
131-->[com.google.android.gms:play-services-basement:17.0.0] AndroidManifest.xml:24:13-58
132            android:value="@integer/google_play_services_version" />
132-->[com.google.android.gms:play-services-basement:17.0.0] AndroidManifest.xml:25:13-66
133    </application>
134
135</manifest>